<?xml version="1.0" encoding="UTF-8"?>
<testsuites name="jest tests" tests="23" failures="10" errors="0" time="3.101">
  <testsuite name="src\tests\ProductList.test.js" errors="0" failures="0" skipped="0" timestamp="2023-08-24T19:28:51" time="1.009" tests="5">
    <testcase classname="ProductList component" name="should display all product data when all columns are visible" time="0.028">
    </testcase>
    <testcase classname="ProductList component" name="should display only chosen columns for a given product (scenario: COLUMNS-ALL, product: Beef - Tongue, Fresh)" time="0.011">
    </testcase>
    <testcase classname="ProductList component" name="should display only chosen columns for a given product (scenario: COLUMNS-ALL-BUT-ID, product: Beef - Tongue, Fresh)" time="0.005">
    </testcase>
    <testcase classname="ProductList component" name="should display only chosen columns for a given product (scenario: COLUMNS-ONLY-ID, product: Beef - Tongue, Fresh)" time="0.003">
    </testcase>
    <testcase classname="ProductList component" name="should display only chosen columns for a given product (scenario: COLUMNS-NONE, product: Beef - Tongue, Fresh)" time="0.002">
    </testcase>
  </testsuite>
  <testsuite name="src\tests\FilterForm.test.js" errors="0" failures="4" skipped="0" timestamp="2023-08-24T19:28:51" time="1.066" tests="4">
    <testcase classname="FilterForm component" name="should invoke the onPriceInputChange callback after &quot;price from&quot; input value changed" time="0.041">
      <failure>Error: expect(jest.fn()).toHaveBeenCalledWith(...expected)

Expected: &quot;priceFrom&quot;, 123
Received: &quot;priceFrom&quot;, &quot;123&quot;

Number of calls: 1
    at Object.&lt;anonymous&gt; (E:\TestTaskDevCom\src\tests\FilterForm.test.js:22:32)
    at Promise.then.completed (E:\TestTaskDevCom\node_modules\jest-circus\build\utils.js:391:28)
    at new Promise (&lt;anonymous&gt;)
    at callAsyncCircusFn (E:\TestTaskDevCom\node_modules\jest-circus\build\utils.js:316:10)
    at _callCircusTest (E:\TestTaskDevCom\node_modules\jest-circus\build\run.js:218:40)
    at processTicksAndRejections (node:internal/process/task_queues:95:5)
    at _runTest (E:\TestTaskDevCom\node_modules\jest-circus\build\run.js:155:3)
    at _runTestsForDescribeBlock (E:\TestTaskDevCom\node_modules\jest-circus\build\run.js:66:9)
    at _runTestsForDescribeBlock (E:\TestTaskDevCom\node_modules\jest-circus\build\run.js:60:9)
    at run (E:\TestTaskDevCom\node_modules\jest-circus\build\run.js:25:3)
    at runAndTransformResultsToJestFormat (E:\TestTaskDevCom\node_modules\jest-circus\build\legacy-code-todo-rewrite\jestAdapterInit.js:170:21)
    at jestAdapter (E:\TestTaskDevCom\node_modules\jest-circus\build\legacy-code-todo-rewrite\jestAdapter.js:82:19)
    at runTestInternal (E:\TestTaskDevCom\node_modules\jest-runner\build\runTest.js:389:16)
    at runTest (E:\TestTaskDevCom\node_modules\jest-runner\build\runTest.js:475:34)
    at Object.worker (E:\TestTaskDevCom\node_modules\jest-runner\build\testWorker.js:133:12)</failure>
    </testcase>
    <testcase classname="FilterForm component" name="should invoke the onPriceInputChange callback after &quot;price to&quot; input value changed" time="0.007">
      <failure>Error: expect(jest.fn()).toHaveBeenCalledWith(...expected)

Expected: &quot;priceTo&quot;, 456
Received: &quot;priceTo&quot;, &quot;456&quot;

Number of calls: 1
    at Object.&lt;anonymous&gt; (E:\TestTaskDevCom\src\tests\FilterForm.test.js:40:32)
    at Promise.then.completed (E:\TestTaskDevCom\node_modules\jest-circus\build\utils.js:391:28)
    at new Promise (&lt;anonymous&gt;)
    at callAsyncCircusFn (E:\TestTaskDevCom\node_modules\jest-circus\build\utils.js:316:10)
    at _callCircusTest (E:\TestTaskDevCom\node_modules\jest-circus\build\run.js:218:40)
    at processTicksAndRejections (node:internal/process/task_queues:95:5)
    at _runTest (E:\TestTaskDevCom\node_modules\jest-circus\build\run.js:155:3)
    at _runTestsForDescribeBlock (E:\TestTaskDevCom\node_modules\jest-circus\build\run.js:66:9)
    at _runTestsForDescribeBlock (E:\TestTaskDevCom\node_modules\jest-circus\build\run.js:60:9)
    at run (E:\TestTaskDevCom\node_modules\jest-circus\build\run.js:25:3)
    at runAndTransformResultsToJestFormat (E:\TestTaskDevCom\node_modules\jest-circus\build\legacy-code-todo-rewrite\jestAdapterInit.js:170:21)
    at jestAdapter (E:\TestTaskDevCom\node_modules\jest-circus\build\legacy-code-todo-rewrite\jestAdapter.js:82:19)
    at runTestInternal (E:\TestTaskDevCom\node_modules\jest-runner\build\runTest.js:389:16)
    at runTest (E:\TestTaskDevCom\node_modules\jest-runner\build\runTest.js:475:34)
    at Object.worker (E:\TestTaskDevCom\node_modules\jest-runner\build\testWorker.js:133:12)</failure>
    </testcase>
    <testcase classname="FilterForm component" name="should display the &quot;price from&quot; in input according to passed props" time="0.005">
      <failure>Error: expect(received).toBe(expected) // Object.is equality

Expected: &quot;123&quot;
Received: &quot;&quot;
    at Object.&lt;anonymous&gt; (E:\TestTaskDevCom\src\tests\FilterForm.test.js:49:25)
    at Promise.then.completed (E:\TestTaskDevCom\node_modules\jest-circus\build\utils.js:391:28)
    at new Promise (&lt;anonymous&gt;)
    at callAsyncCircusFn (E:\TestTaskDevCom\node_modules\jest-circus\build\utils.js:316:10)
    at _callCircusTest (E:\TestTaskDevCom\node_modules\jest-circus\build\run.js:218:40)
    at processTicksAndRejections (node:internal/process/task_queues:95:5)
    at _runTest (E:\TestTaskDevCom\node_modules\jest-circus\build\run.js:155:3)
    at _runTestsForDescribeBlock (E:\TestTaskDevCom\node_modules\jest-circus\build\run.js:66:9)
    at _runTestsForDescribeBlock (E:\TestTaskDevCom\node_modules\jest-circus\build\run.js:60:9)
    at run (E:\TestTaskDevCom\node_modules\jest-circus\build\run.js:25:3)
    at runAndTransformResultsToJestFormat (E:\TestTaskDevCom\node_modules\jest-circus\build\legacy-code-todo-rewrite\jestAdapterInit.js:170:21)
    at jestAdapter (E:\TestTaskDevCom\node_modules\jest-circus\build\legacy-code-todo-rewrite\jestAdapter.js:82:19)
    at runTestInternal (E:\TestTaskDevCom\node_modules\jest-runner\build\runTest.js:389:16)
    at runTest (E:\TestTaskDevCom\node_modules\jest-runner\build\runTest.js:475:34)
    at Object.worker (E:\TestTaskDevCom\node_modules\jest-runner\build\testWorker.js:133:12)</failure>
    </testcase>
    <testcase classname="FilterForm component" name="should display the &quot;price to&quot; in input according to passed props" time="0.004">
      <failure>Error: expect(received).toBe(expected) // Object.is equality

Expected: &quot;456&quot;
Received: &quot;&quot;
    at Object.&lt;anonymous&gt; (E:\TestTaskDevCom\src\tests\FilterForm.test.js:58:25)
    at Promise.then.completed (E:\TestTaskDevCom\node_modules\jest-circus\build\utils.js:391:28)
    at new Promise (&lt;anonymous&gt;)
    at callAsyncCircusFn (E:\TestTaskDevCom\node_modules\jest-circus\build\utils.js:316:10)
    at _callCircusTest (E:\TestTaskDevCom\node_modules\jest-circus\build\run.js:218:40)
    at processTicksAndRejections (node:internal/process/task_queues:95:5)
    at _runTest (E:\TestTaskDevCom\node_modules\jest-circus\build\run.js:155:3)
    at _runTestsForDescribeBlock (E:\TestTaskDevCom\node_modules\jest-circus\build\run.js:66:9)
    at _runTestsForDescribeBlock (E:\TestTaskDevCom\node_modules\jest-circus\build\run.js:60:9)
    at run (E:\TestTaskDevCom\node_modules\jest-circus\build\run.js:25:3)
    at runAndTransformResultsToJestFormat (E:\TestTaskDevCom\node_modules\jest-circus\build\legacy-code-todo-rewrite\jestAdapterInit.js:170:21)
    at jestAdapter (E:\TestTaskDevCom\node_modules\jest-circus\build\legacy-code-todo-rewrite\jestAdapter.js:82:19)
    at runTestInternal (E:\TestTaskDevCom\node_modules\jest-runner\build\runTest.js:389:16)
    at runTest (E:\TestTaskDevCom\node_modules\jest-runner\build\runTest.js:475:34)
    at Object.worker (E:\TestTaskDevCom\node_modules\jest-runner\build\testWorker.js:133:12)</failure>
    </testcase>
  </testsuite>
  <testsuite name="src\tests\ToggleColumns.test.js" errors="0" failures="0" skipped="0" timestamp="2023-08-24T19:28:51" time="1.053" tests="2">
    <testcase classname="verify_pack.ToggleColumn" name="should invoke the onCheckboxClick callback after &quot;name&quot; checkbox was clicked" time="0.048">
    </testcase>
    <testcase classname="verify_pack.ToggleColumn" name="should display (un)checked column checkboxes after initial render" time="0.052">
    </testcase>
  </testsuite>
  <testsuite name="src\tests\Search.test.js" errors="0" failures="6" skipped="0" timestamp="2023-08-24T19:28:51" time="1.987" tests="12">
    <testcase classname="Search component" name="should display label including number of items" time="0.069">
    </testcase>
    <testcase classname="Search component" name="should display product row cells" time="0.028">
    </testcase>
    <testcase classname="Search component" name="should display all columns by default" time="0.025">
    </testcase>
    <testcase classname="Search component" name="should display 2 products after filtering price between 10 and 100 (correct)" time="0.041">
      <failure>Error: expect(received).toBe(expected) // Object.is equality

Expected: 2
Received: 8
    at E:\TestTaskDevCom\src\tests\Search.test.js:50:41</failure>
    </testcase>
    <testcase classname="Search component" name="should display 6 products after filtering price between 100 and 1000 (correct)" time="0.057">
    </testcase>
    <testcase classname="Search component" name="should display 0 products after filtering price between 100 and 100 (correct)" time="0.047">
      <failure>Error: expect(received).toBe(expected) // Object.is equality

Expected: 0
Received: 6
    at E:\TestTaskDevCom\src\tests\Search.test.js:50:41</failure>
    </testcase>
    <testcase classname="Search component" name="should display 1 products after filtering price between 3 and 3 (correct)" time="0.048">
      <failure>Error: expect(received).toBe(expected) // Object.is equality

Expected: 1
Received: 25
    at E:\TestTaskDevCom\src\tests\Search.test.js:50:41</failure>
    </testcase>
    <testcase classname="Search component" name="should display 3 products after filtering price between 0 and 2 (correct (partial filter))" time="0.048">
      <failure>Error: expect(received).toBe(expected) // Object.is equality

Expected: 3
Received: 30
    at E:\TestTaskDevCom\src\tests\Search.test.js:50:41</failure>
    </testcase>
    <testcase classname="Search component" name="should display 2 products after filtering price between 900 and 0 (correct (partial filter))" time="0.031">
      <failure>Error: expect(received).toBe(expected) // Object.is equality

Expected: 2
Received: 30
    at E:\TestTaskDevCom\src\tests\Search.test.js:50:41</failure>
    </testcase>
    <testcase classname="Search component" name="should display 30 products after filtering price between 0 and 0 (correct (partial filter))" time="0.047">
    </testcase>
    <testcase classname="Search component" name="should display 0 products after filtering price between 1000 and 100 (incorrect (from &gt; to))" time="0.035">
    </testcase>
    <testcase classname="Search component" name="should display 0 products after filtering price between 0 and 0 (incorrect (price=0))" time="0.045">
      <failure>Error: expect(received).toBe(expected) // Object.is equality

Expected: 0
Received: 30
    at E:\TestTaskDevCom\src\tests\Search.test.js:50:41</failure>
    </testcase>
  </testsuite>
</testsuites>